<?xml version="1.0" encoding="UTF-8"?>
<!-- Generated by org.testng.reporters.JUnitReportReporter -->
<testsuite hostname="DESKTOP-5QPL10C" failures="0" tests="3" name="testRunner.TestRunner" time="237.794" errors="0" timestamp="2023-12-21T15:06:32 IST" skipped="0">
  <testcase classname="testRunner.TestRunner" name="runScenario" time="71.356"/>
  <system-out/>
  <testcase classname="testRunner.TestRunner" name="runScenario" time="68.522"/>
  <system-out/>
  <testcase classname="testRunner.TestRunner" name="runScenario" time="97.916"/>
  <system-out/>
</testsuite> <!-- testRunner.TestRunner -->
